calm -0.559625902
calmed -0.738688225
calmer -0.796288672
calming -0.796288672
calmly -0.641194886
calmness -0.837211032
calorie -0.801284119
calories -0.660779955
calorific -0.829350174
calves -0.661225066
cam -0.798518734
came -0.339959287
camel -0.678341783
camels -0.622844748
cameo -0.841867978
camera -0.596056391
cameraman -0.772998178
cameramen -0.780830208
cameras -0.647200357
camouflage -0.738688225
camp -0.51533824
campaign -0.502919203
campaigned -0.726001338
campaigner -0.793696158
campaigns -0.628871309
campanile -0.833536902
camped -0.707925506
campers -0.837211032
campfire -0.837211032
camping -0.688389045
camps -0.6180159
campus -0.612528423
campuses -0.731048478
can -0.256947845
canal -0.650358605
canals -0.713486649
canaries -0.841867978
canary -0.76798964
cancel -0.696578081
cancelled -0.689029833
cancer -0.50902109
cancerous -0.846828846
cancers -0.67479171
candid -0.774964831
candidacy -0.826029136
candidate -0.587550646
candidates -0.58507827
candidly -0.809714075
candle -0.681578003
candles -0.674348328
candour -0.772998178
candy -0.697892232
cane -0.664183592
canes -0.812382408
canine -0.789161283
canister -0.846828846
canisters -0.829350174
canna -0.815713146
canned -0.729025537
cannery -0.833536902
cannibal -0.822226359
cannibals -0.846828846
canning -0.791601269
cannon -0.697172609
cannons -0.789161283
cannot -0.418798812
canny -0.837211032
canoe -0.737664795
canoes -0.786797165
canon -0.729025537
canons -0.771397283
canopy -0.722258137
cans -0.664183592
cant -0.665510126
cantabile -0.678341783
canteen -0.70338846
canteens -0.826029136
canton -0.769519665
cantonment -0.796288672
canvas -0.629702352
canvases -0.774964831
canvassed -0.846828846
canvassing -0.796288672
canyon -0.676865238
canyons -0.826029136
cap -0.578484733
capability -0.649652448
capable -0.535084337
capacious -0.826029136
capacities -0.729025537
capacity -0.537912168
cape -0.629408004
caper -0.819196489
capita -0.69390158
capital -0.485944016
capitalism -0.587100206
capitalist -0.582366594
capitalize -0.826029136
capitals -0.717745985
capped -0.782645084
capping -0.806630963
capricious -0.780830208
caps -0.659970623
capsule -0.752675642
capsules -0.796288672
captain -0.522228141
captaincy -0.769519665
captains -0.698497165
caption -0.782645084
captions -0.819196489
captive -0.711012412
captives -0.793696158
captivity -0.769519665
captors -0.829350174
capture -0.650358605
captured -0.629702352
captures -0.826029136
capturing -0.784881706
car -0.410539051
carafe -0.837211032
caravan -0.686602266
caravans -0.763006452
carbine -0.819196489
carbon -0.635682351
carcass -0.739934805
carcasses -0.782645084
card -0.546690332
cardboard -0.657168655
cardiac -0.764438503
cardigan -0.774964831
cardinal -0.65597887
cardinals -0.833536902
cards -0.569534118
care -0.445373764
cared -0.60686247
career -0.530481959
careers -0.638113667
carefree -0.801284119
careful -0.530936567
carefully -0.489943619
careless -0.66905499
carelessly -0.716812971
cares -0.682655209
caress -0.769519665
caressed -0.780830208
caresses -0.815713146
caressing -0.769519665
caretaker -0.774964831
cargo -0.70338846
caricature -0.746038686
caring -0.637457677
carnage -0.815713146
carnal -0.806630963
carnation -0.837211032
carnival -0.766193343
carnivores -0.796288672
carol -0.642812813
carols -0.822226359
carousel -0.822226359
carp -0.71604411
carpenter -0.763006452
carpenters -0.812382408
carpentry -0.809714075
carpet -0.598756308
carpeted -0.772998178
carpeting -0.826029136
carpets -0.691982139
carriage -0.643457966
carriages -0.75994777
carried -0.469965248
carrier -0.69265407
carriers -0.740989464
carries -0.613000477
carrion -0.822226359
carrot -0.76798964
carrots -0.707925506
carry -0.488686865
carrycot -0.829350174
carrying -0.517005868
cars -0.506587454
cart -0.672341427
carted -0.804153881
cartel -0.812382408
carter -0.66503929
cartilage -0.822226359
carton -0.763006452
cartons -0.786797165
cartoon -0.734284697
cartoonist -0.841867978
cartoons -0.75994777
cartridge -0.796288672
cartridges -0.786797165
carts -0.763006452
carve -0.778708032
carved -0.629702352
carver -0.801284119
carving -0.696578081
carvings -0.798518734
cascade -0.815713146
case -0.385565872
cases -0.479167688
cash -0.533834188
cashed -0.812382408
cashier -0.786797165
cashing -0.841867978
cashmere -0.826029136
casing -0.772998178
casino -0.737664795
casinos -0.778708032
casket -0.786797165
cassava -0.793696158
casserole -0.730122282
casseroles -0.829350174
cassette -0.763006452
cassettes -0.809714075
cast -0.536687341
caste -0.716812971
caster -0.798518734
casters -0.764438503
casting -0.633326371
castle -0.527629972
castles -0.744688834
castor -0.822226359
castrated -0.791601269
castration -0.784881706
casts -0.730122282
casual -0.600778848
casually -0.629702352
casualness -0.786797165
casualties -0.657168655
casualty -0.738688225
cat -0.555071266
catalogue -0.662047934
catalogued -0.833536902
catalogues -0.769519665
catalyst -0.798518734
cataract -0.806630963
cataracts -0.819196489
catch -0.51540381
catcher -0.826029136
catches -0.689029833
catching -0.625915162
catchment -0.837211032
categories -0.620153187
category -0.602891197
cater -0.723092829
catered -0.764438503
catering -0.707925506
caters -0.846828846
catharsis -0.846828846
cathedral -0.629702352
cathedrals -0.766193343
catholic -0.573231854
catholics -0.66905499
cats -0.591789069
cattle -0.575078487
caucus -0.812382408
caught -0.480199747
cauldron -0.801284119
causal -0.796288672
causation -0.837211032
cause -0.461005053
caused -0.508350515
causes -0.544687673
causeway -0.778708032
causing -0.592118181
caustic -0.806630963
caution -0.656396671
cautionary -0.837211032
cautioned -0.793696158
cautions -0.789161283
cautious -0.660337433
cautiously -0.659532773
cavalcade -0.841867978
cavalier -0.734284697
cavalry -0.69587073
cave -0.586151789
cavern -0.789161283
cavernous -0.786797165
caverns -0.829350174
caves -0.667261903
caviar -0.796288672
cavity -0.758329844
cavorting -0.841867978
caw -0.837211032
cease -0.652186256
ceased -0.602306141
ceaseless -0.786797165
ceases -0.756745626
ceasing -0.815713146
cedar -0.780830208
ceiling -0.590604165
ceilings -0.737664795
celebrate -0.658377352
celebrated -0.630492895
celebrates -0.826029136
celebrity -0.766193343
celery -0.763006452
celestial -0.766193343
cell -0.564826012
cellar -0.661225066
cellars -0.772998178
cello -0.791601269
cellophane -0.804153881
cells -0.575342556
cellular -0.815713146
celluloid -0.801284119
cellulose -0.812382408
cement -0.646522801
cemented -0.809714075
cemetery -0.704169697
cenotaph -0.846828846
censor -0.774964831
censored -0.819196489
censorious -0.837211032
censors -0.837211032
censorship -0.712604167
censure -0.76798964
census -0.715131623
cent -0.409394178
centenary -0.798518734
centigrade -0.789161283
centimetre -0.812382408
central -0.470435859
centrally -0.739934805
centre -0.459464996
centred -0.68435059
centres -0.580903745
cents -0.683747895
centuries -0.554648771
century -0.442206495
ceramic -0.772998178
ceramics -0.747182161
cereal -0.651856651
cereals -0.66638097
cerebral -0.749998768
ceremonial -0.690765478
ceremonies -0.687753612
ceremony -0.618226945
certain -0.40631949
certainly -0.425426011
certainty -0.619677803
certified -0.801284119
cervical -0.753924269
cervix -0.829350174
cessation -0.819196489
chafed -0.841867978
chaff -0.804153881
chafing -0.833536902
chagrin -0.798518734
chain -0.572835266
chained -0.704959043
chains -0.627761221
chair -0.48418342
chaired -0.798518734
chairman -0.52922595
chairmen -0.782645084
chairs -0.570769467
chalice -0.846828846
chalk -0.66503929
chalky -0.76798964
challenge -0.553539479
challenged -0.643812189
challenger -0.837211032
challenges -0.697892232
chamber -0.56308694
chambers -0.650358605
champagne -0.627522027
champion -0.636591735
champions -0.739934805
chance -0.458797337
chanced -0.837211032
chancel -0.782645084
chancellor -0.619419749
chancery -0.776983703
chances -0.574410422
chandelier -0.764438503
chandler -0.791601269
change -0.411094441
changed -0.424699533
changes -0.479052368
changing -0.531677766
channel -0.598560245
channelled -0.769519665
channels -0.648259509
chant -0.7554502
chanted -0.769519665
chanting -0.727055023
chants -0.801284119
chaos -0.630492895
chaotic -0.724106707
chap -0.604250641
chapel -0.605850039
chapels -0.801284119
chaperone -0.846828846
chaplain -0.720453443
chaplaincy -0.809714075
chaplains -0.809714075
chaps -0.681578003
chapter -0.47814945
chapters -0.648259509
char -0.809714075
character -0.497815398
characters -0.589466392
charade -0.796288672
charcoal -0.710299757
charge -0.509586144
charged -0.574529289
charges -0.575752474
charging -0.693331992
chariot -0.784881706
chariots -0.815713146
charisma -0.815713146
charitable -0.701343572
charities -0.753924269
charity -0.633636316
charlotte -0.687228111
charm -0.615691362
charmed -0.761322847
charmer -0.822226359
charming -0.600980723
charmingly -0.778708032
charms -0.727944386
charred -0.778708032
chart -0.639610668
charted -0.837211032
charter -0.675776346
chartered -0.75120386
charts -0.718690589
chase -0.633069046
chased -0.680515844
chases -0.846828846
chasing -0.687228111
chasm -0.789161283
chaste -0.766193343
chastity -0.75120386
chat -0.631896436
chateau -0.730122282
chats -0.822226359
chatted -0.737664795
chatter -0.723092829
chattered -0.742274673
chattering -0.707104926
chatting -0.726001338
chatty -0.826029136
chauffeur -0.720453443
chauffeurs -0.833536902
chauvinism -0.812382408
chauvinist -0.826029136
cheap -0.549035871
cheaper -0.607447113
cheapest -0.714379493
cheaply -0.700590698
cheapness -0.841867978
cheat -0.723092829
cheated -0.712604167
cheating -0.721268452
check -0.521100375
checked -0.579341669
checking -0.627761221
checkpoint -0.786797165
checks -0.646155755
cheddar -0.776983703
cheek -0.593969568
cheekbone -0.833536902
cheekbones -0.766193343
cheeks -0.60686247
cheeky -0.812382408
cheer -0.671400012
cheered -0.699845205
cheerful -0.616142394
cheerfully -0.659532773
cheerily -0.833536902
cheering -0.721268452
cheerless -0.829350174
cheers -0.702743506
cheery -0.76798964
cheese -0.585215057
cheeses -0.758329844
chef -0.763006452
chemical -0.557885787
chemically -0.782645084
chemicals -0.60686247
chemist -0.723092829
chemistry -0.641194886
chemists -0.756745626
cheque -0.600243119
chequered -0.809714075
cheques -0.655218812
cherish -0.75994777
cherished -0.715131623
cherries -0.761322847
cherry -0.702743506
cherubs -0.837211032
chess -0.633326371
chest -0.551158047
chestnut -0.730122282
chestnuts -0.798518734
chests -0.729025537
chew -0.710299757
chewed -0.704169697
chewing -0.677323586
chews -0.833536902
chi -0.778708032
chic -0.726001338
chick -0.789161283
chicken -0.578209544
chickens -0.654466276
chicks -0.748577424
chicory -0.841867978
chided -0.826029136
chief -0.486734782
chiefly -0.655218812
chiefs -0.638388675
chieftain -0.826029136
chiffon -0.772998178
child -0.377395669
childbirth -0.713486649
childhood -0.553431238
childish -0.640568573
childishly -0.826029136
childless -0.75120386
childlike -0.7554502
children -0.344751588
chill -0.654466276
chilled -0.746038686
chilling -0.716812971
chilly -0.710299757
chime -0.837211032
chimed -0.796288672
chimes -0.789161283
chimney -0.691426697
chimneys -0.747182161
chimpanzee -0.793696158
chimps -0.829350174
chin -0.591610152
china -0.521241911
chink -0.796288672
chinook -0.846828846
chins -0.798518734
chip -0.691426697
chipped -0.735460592
chipping -0.796288672
chips -0.658736539
chisel -0.780830208
chivalrous -0.804153881
chivalry -0.761322847
chives -0.819196489
chloride -0.826029136
chlorine -0.804153881
chocolate -0.643164036
chocolates -0.772998178
choice -0.486196763
choices -0.638997217
choir -0.695169898
choke -0.747182161
choked -0.701976712
choking -0.712604167
cholera -0.780830208
chomp -0.841867978
choose -0.521241911
chooses -0.694590766
choosing -0.631041201
chop -0.686602266
chopped -0.652186256
chopper -0.727944386
choppers -0.815713146
chopping -0.753924269
chops -0.75120386
choral -0.841867978
chord -0.772998178
chords -0.763006452
chore -0.753924269
chores -0.712604167
chorus -0.662424928
chose -0.570408018
chosen -0.527565799
christened -0.75120386
chrome -0.76798964
chromium -0.806630963
chronic -0.664183592
chronicle -0.715131623
chronology -0.841867978
chub -0.710299757
chubby -0.784881706
chuck -0.736454589
chucked -0.789161283
chuckle -0.764438503
chuckled -0.73312671
chuckling -0.812382408
chum -0.737664795
chunk -0.743581977
chunks -0.720453443
chunky -0.812382408
church -0.452587176
churches -0.593969568
churchmen -0.819196489
churchyard -0.69390158
churn -0.822226359
churned -0.789161283
churning -0.780830208
chute -0.815713146
chutney -0.806630963
cicadas -0.833536902
cider -0.738688225
cigar -0.642812813
cigarette -0.541617012
cigarettes -0.603272176
cigars -0.723092829
cinder -0.833536902
cinders -0.815713146
cinema -0.617302695
cinemas -0.731048478
cinnamon -0.764438503
cipher -0.809714075
circle -0.543444489
circled -0.718690589
circles -0.613000477
circling -0.705623149
circuit -0.641884072
circuits -0.713486649
circular -0.640909558
circulate -0.764438503
circulated -0.71604411
circus -0.63536397
circuses -0.826029136
cirrhosis -0.841867978
cistern -0.772998178
citadel -0.742274673
cite -0.769519665
cited -0.702743506
cites -0.812382408
cities -0.526850727
citing -0.837211032
citizen -0.619419749
citizens -0.577513523
city -0.429004687
civic -0.697892232
civil -0.517633743
civilian -0.650746563
civilians -0.739934805
civility -0.833536902
civilized -0.679942678
clad -0.724106707
claim -0.511941521
claimant -0.846828846
claimants -0.729025537
claimed -0.561386754
claiming -0.644824875
claims -0.568648122
clam -0.806630963
clamber -0.796288672
clambered -0.747182161
clambering -0.769519665
clammy -0.782645084
clamour -0.739934805
clamouring -0.806630963
clamp -0.791601269
clamped -0.756745626
clams -0.793696158
clan -0.691982139
